<?xml version="1.0" encoding="UTF-8"?>
<testsuite name="com.bestbuy.cucumber.CucumberRunner" time="14.033" tests="39" errors="0" skipped="0" failures="0">
  <properties>
[...]
</properties>
  <testcase name="When user send a GET request to categories endpoint,they must get back a valid status code 200" classname="Scenario: verify the user can access in best buy application" time="0.001"/>
  <testcase name="Scenario: verify the user can access in best buy application" classname="Scenario: verify the user can access in best buy application" time="7.417"/>
  <testcase name="When I create new categories by providing the information name and id" classname="Scenario: create a new categories and verify if categories is added" time="0"/>
  <testcase name="Then I verify the categories is created" classname="Scenario: create a new categories and verify if categories is added" time="0"/>
  <testcase name="Scenario: create a new categories and verify if categories is added" classname="Scenario: create a new categories and verify if categories is added" time="0.218"/>
  <testcase name="When I send GET request to endpoint with id &quot;id&quot;, I should received the categories information" classname="Scenario: Getting the categories request by id" time="0"/>
  <testcase name="Scenario: Getting the categories request by id" classname="Scenario: Getting the categories request by id" time="0.127"/>
  <testcase name="When I update a created categories providing the new name" classname="Scenario: update a created categories and verify if the categories record is updated" time="0.004"/>
  <testcase name="Then I verify the categories is updated" classname="Scenario: update a created categories and verify if the categories record is updated" time="0"/>
  <testcase name="Scenario: update a created categories and verify if the categories record is updated" classname="Scenario: update a created categories and verify if the categories record is updated" time="0.935"/>
  <testcase name="When I delete a created categories ,they must get back a valid status code is 200" classname="Scenario: Delete a created categories &amp; verify the categories is deleted" time="0"/>
  <testcase name="Then I verify the categories is deleted" classname="Scenario: Delete a created categories &amp; verify the categories is deleted" time="0.001"/>
  <testcase name="Scenario: Delete a created categories &amp; verify the categories is deleted" classname="Scenario: Delete a created categories &amp; verify the categories is deleted" time="0.295"/>
  <testcase name="When User sends a GET request to products endpoint, they must get back a valid status code 200" classname="Scenario: check if the best buy product application can be accessed by user" time="0"/>
  <testcase name="Scenario: check if the best buy product application can be accessed by user" classname="Scenario: check if the best buy product application can be accessed by user" time="0.489"/>
  <testcase name="When I create a new product by providing the information name type price&quot;89.99&quot; upc Shipping descriptions&quot;This is a placeholder request for creating a new product&quot;" classname="| 89.99 | This is a placeholder request for creating a new product |" time="0"/>
  <testcase name="Then I verify the product is created" classname="| 89.99 | This is a placeholder request for creating a new product |" time="0"/>
  <testcase name="| 89.99 | This is a placeholder request for creating a new product |" classname="| 89.99 | This is a placeholder request for creating a new product |" time="0.229"/>
  <testcase name="When I send the Get request to product endpoint with ID &quot;id&quot;,I should received the product information" classname="Scenario: Getting the product information by Id" time="0"/>
  <testcase name="Scenario: Getting the product information by Id" classname="Scenario: Getting the product information by Id" time="0.357"/>
  <testcase name="When I update a created product providing the new name upc price and description" classname="Scenario: update a created product and verify if the product is updated" time="0"/>
  <testcase name="Then I verify the product is updated" classname="Scenario: update a created product and verify if the product is updated" time="0"/>
  <testcase name="Scenario: update a created product and verify if the product is updated" classname="Scenario: update a created product and verify if the product is updated" time="0.754"/>
  <testcase name="When I delete a created product ,they must get back a valid status code  is 200" classname="Scenario: Delete a created product &amp; verify the product is deleted" time="0"/>
  <testcase name="Then I verify the product is deleted" classname="Scenario: Delete a created product &amp; verify the product is deleted" time="0"/>
  <testcase name="Scenario: Delete a created product &amp; verify the product is deleted" classname="Scenario: Delete a created product &amp; verify the product is deleted" time="0.456"/>
  <testcase name="When User sends a GET request to the services endpoint , they must get back a valid status code 200" classname="Scenario: check if the best buy services application can be accessed by users" time="0"/>
  <testcase name="Scenario: check if the best buy services application can be accessed by users" classname="Scenario: check if the best buy services application can be accessed by users" time="0.39"/>
  <testcase name="When I create a new services by providing the information name" classname="Scenario: Create a new services &amp; verify if the services is added" time="0.001"/>
  <testcase name="Then I verify the services is created" classname="Scenario: Create a new services &amp; verify if the services is added" time="0.006"/>
  <testcase name="Scenario: Create a new services &amp; verify if the services is added" classname="Scenario: Create a new services &amp; verify if the services is added" time="0.761"/>
  <testcase name="When I send GET request to services endpoint with Id &quot;Id&quot; , I should received the services information" classname="Scenario: Getting services information by Id" time="0"/>
  <testcase name="Scenario: Getting services information by Id" classname="Scenario: Getting services information by Id" time="0.374"/>
  <testcase name="When I update a created services providing the new name" classname="Scenario: Update a created services &amp; verify if the services is updated" time="0"/>
  <testcase name="Then I verify the services is updated" classname="Scenario: Update a created services &amp; verify if the services is updated" time="0"/>
  <testcase name="Scenario: Update a created services &amp; verify if the services is updated" classname="Scenario: Update a created services &amp; verify if the services is updated" time="0.424"/>
  <testcase name="When I delete a created services ,they must get back a valid status code is 200" classname="Scenario: Delete a created services &amp; verify the services is deleted" time="0"/>
  <testcase name="Then I verify the services is created is deleted" classname="Scenario: Delete a created services &amp; verify the services is deleted" time="0"/>
  <testcase name="Scenario: Delete a created services &amp; verify the services is deleted" classname="Scenario: Delete a created services &amp; verify the services is deleted" time="0.794"/>
</testsuite>