<?xml version="1.0" encoding="UTF-8"?><testsuite errors="0" failures="0" name="Testing different requests on the best buy services application" skipped="0" tests="5" time="1.34" timestamp="2021-08-02T22:43:25.055+01:00[Europe/London]"><testcase name="check if the best buy services application can be accessed by users"/><testcase name="Create a new services &amp; verify if the services is added"/><testcase name="Getting services information by Id"/><testcase name="Update a created services &amp; verify if the services is updated"/><testcase name="Delete a created services &amp; verify the services is deleted"/></testsuite>