<?xml version="1.0" encoding="UTF-8"?><testsuite errors="0" failures="0" name="Testing different request on the best buy categories application" skipped="0" tests="5" time="14.57" timestamp="2021-08-02T22:43:03.820+01:00[Europe/London]"><testcase name="verify the user can access in best buy application"/><testcase name="create a new categories and verify if categories is added"/><testcase name="Getting the categories request by id"/><testcase name="update a created categories and verify if the categories record is updated"/><testcase name="Delete a created categories &amp; verify the categories is deleted"/></testsuite>