<?xml version="1.0" encoding="UTF-8"?><testsuite errors="0" failures="0" name="Testing different request on the best buy product application" skipped="0" tests="5" time="1.5" timestamp="2021-08-02T22:43:21.543+01:00[Europe/London]"><testcase name="check if the best buy product application can be accessed by user"/><testcase name="Create a new product and verify if the product is added"/><testcase name="Getting the product information by Id"/><testcase name="update a created product and verify if the product is updated"/><testcase name="Delete a created product &amp; verify the product is deleted"/></testsuite>